<?xml version="1.0" encoding="UTF-8"?>
<testsuite name="com.nick.LenderTest" tests="1" skipped="0" failures="0" errors="0" timestamp="2020-08-05T19:53:30" hostname="DESKTOP-GCQ6JIV" time="0.015">
  <properties/>
  <testcase name="addFundsThrowExceptionIfOverflowWillHappen()" classname="com.nick.LenderTest" time="0.015"/>
  <system-out><![CDATA[]]></system-out>
  <system-err><![CDATA[]]></system-err>
</testsuite>
